2017-12-13 21:52:31  [ main:14 ] - [ INFO ]  Refreshing org.springframework.context.support.ClassPathXmlApplicationContext@5f150435: startup date [Wed Dec 13 21:52:31 CST 2017]; root of context hierarchy
2017-12-13 21:52:31  [ main:133 ] - [ INFO ]  Loading XML bean definitions from class path resource [bean.xml]
2017-12-13 21:52:31  [ main:413 ] - [ INFO ]  Loading properties file from class path resource [jdbc.properties]
2017-12-13 21:52:31  [ main:440 ] - [ INFO ]  Pre-instantiating singletons in org.springframework.beans.factory.support.DefaultListableBeanFactory@578486a3: defining beans [org.springframework.context.support.PropertySourcesPlaceholderConfigurer#0,dataSource,sqlSessionFactory,userDao]; root of factory hierarchy
2017-12-13 21:52:31  [ main:452 ] - [ INFO ]  MLog clients using log4j logging.
2017-12-13 21:52:32  [ main:662 ] - [ INFO ]  Initializing c3p0-0.9.1.2 [built 21-May-2007 15:04:56; debug? true; trace: 10]
2017-12-13 21:52:32  [ main:904 ] - [ INFO ]  Initializing c3p0 pool... com.mchange.v2.c3p0.ComboPooledDataSource [ acquireIncrement -> 3, acquireRetryAttempts -> 30, acquireRetryDelay -> 1000, autoCommitOnClose -> false, automaticTestTable -> null, breakAfterAcquireFailure -> false, checkoutTimeout -> 0, connectionCustomizerClassName -> null, connectionTesterClassName -> com.mchange.v2.c3p0.impl.DefaultConnectionTester, dataSourceName -> 1hgf4zl9sm8kt433s13jn|1cab0bfb, debugUnreturnedConnectionStackTraces -> false, description -> null, driverClass -> com.mysql.jdbc.Driver, factoryClassLocation -> null, forceIgnoreUnresolvedTransactions -> false, identityToken -> 1hgf4zl9sm8kt433s13jn|1cab0bfb, idleConnectionTestPeriod -> 0, initialPoolSize -> 3, jdbcUrl -> jdbc:mysql://localhost:3306/mybatis?characterEncoding=UTF-8, maxAdministrativeTaskTime -> 0, maxConnectionAge -> 0, maxIdleTime -> 0, maxIdleTimeExcessConnections -> 0, maxPoolSize -> 15, maxStatements -> 0, maxStatementsPerConnection -> 0, minPoolSize -> 3, numHelperThreads -> 3, numThreadsAwaitingCheckoutDefaultUser -> 0, preferredTestQuery -> null, properties -> {user=******, password=******}, propertyCycle -> 0, testConnectionOnCheckin -> false, testConnectionOnCheckout -> false, unreturnedConnectionTimeout -> 0, usesTraditionalReflectiveProxies -> false ]
2017-12-13 21:55:46  [ main:10 ] - [ INFO ]  Refreshing org.springframework.context.support.ClassPathXmlApplicationContext@5f150435: startup date [Wed Dec 13 21:55:46 CST 2017]; root of context hierarchy
2017-12-13 21:55:46  [ main:58 ] - [ INFO ]  Loading XML bean definitions from class path resource [bean.xml]
2017-12-13 21:55:46  [ main:226 ] - [ INFO ]  Loading properties file from class path resource [jdbc.properties]
2017-12-13 21:55:46  [ main:244 ] - [ INFO ]  Pre-instantiating singletons in org.springframework.beans.factory.support.DefaultListableBeanFactory@578486a3: defining beans [org.springframework.context.support.PropertySourcesPlaceholderConfigurer#0,dataSource,sqlSessionFactory,userDao]; root of factory hierarchy
2017-12-13 21:55:46  [ main:257 ] - [ INFO ]  MLog clients using log4j logging.
2017-12-13 21:55:46  [ main:497 ] - [ INFO ]  Initializing c3p0-0.9.1.2 [built 21-May-2007 15:04:56; debug? true; trace: 10]
2017-12-13 21:55:53  [ main:11 ] - [ INFO ]  Refreshing org.springframework.context.support.ClassPathXmlApplicationContext@71e7a66b: startup date [Wed Dec 13 21:55:53 CST 2017]; root of context hierarchy
2017-12-13 21:55:53  [ main:52 ] - [ INFO ]  Loading XML bean definitions from class path resource [bean.xml]
2017-12-13 21:55:53  [ main:211 ] - [ INFO ]  Loading properties file from class path resource [jdbc.properties]
2017-12-13 21:55:53  [ main:234 ] - [ INFO ]  Pre-instantiating singletons in org.springframework.beans.factory.support.DefaultListableBeanFactory@2758fe70: defining beans [org.springframework.context.support.PropertySourcesPlaceholderConfigurer#0,dataSource,sqlSessionFactory,userDao]; root of factory hierarchy
2017-12-13 21:55:53  [ main:249 ] - [ INFO ]  MLog clients using log4j logging.
2017-12-13 21:55:53  [ main:507 ] - [ INFO ]  Initializing c3p0-0.9.1.2 [built 21-May-2007 15:04:56; debug? true; trace: 10]
2017-12-13 21:56:57  [ main:11 ] - [ INFO ]  Refreshing org.springframework.context.support.ClassPathXmlApplicationContext@5f150435: startup date [Wed Dec 13 21:56:57 CST 2017]; root of context hierarchy
2017-12-13 21:56:57  [ main:65 ] - [ INFO ]  Loading XML bean definitions from class path resource [bean.xml]
2017-12-13 21:56:57  [ main:228 ] - [ INFO ]  Loading properties file from class path resource [jdbc.properties]
2017-12-13 21:56:57  [ main:250 ] - [ INFO ]  Pre-instantiating singletons in org.springframework.beans.factory.support.DefaultListableBeanFactory@578486a3: defining beans [org.springframework.context.support.PropertySourcesPlaceholderConfigurer#0,dataSource,sqlSessionFactory,userDao]; root of factory hierarchy
2017-12-13 21:56:57  [ main:260 ] - [ INFO ]  MLog clients using log4j logging.
2017-12-13 21:56:58  [ main:502 ] - [ INFO ]  Initializing c3p0-0.9.1.2 [built 21-May-2007 15:04:56; debug? true; trace: 10]
2017-12-13 21:57:20  [ main:10 ] - [ INFO ]  Refreshing org.springframework.context.support.ClassPathXmlApplicationContext@5f150435: startup date [Wed Dec 13 21:57:20 CST 2017]; root of context hierarchy
2017-12-13 21:57:20  [ main:54 ] - [ INFO ]  Loading XML bean definitions from class path resource [bean.xml]
2017-12-13 21:57:20  [ main:211 ] - [ INFO ]  Loading properties file from class path resource [jdbc.properties]
2017-12-13 21:57:20  [ main:232 ] - [ INFO ]  Pre-instantiating singletons in org.springframework.beans.factory.support.DefaultListableBeanFactory@578486a3: defining beans [org.springframework.context.support.PropertySourcesPlaceholderConfigurer#0,dataSource,sqlSessionFactory,userDao]; root of factory hierarchy
2017-12-13 21:57:20  [ main:242 ] - [ INFO ]  MLog clients using log4j logging.
2017-12-13 21:57:20  [ main:476 ] - [ INFO ]  Initializing c3p0-0.9.1.2 [built 21-May-2007 15:04:56; debug? true; trace: 10]
2017-12-13 21:58:04  [ main:10 ] - [ INFO ]  Refreshing org.springframework.context.support.ClassPathXmlApplicationContext@5f150435: startup date [Wed Dec 13 21:58:04 CST 2017]; root of context hierarchy
2017-12-13 21:58:04  [ main:48 ] - [ INFO ]  Loading XML bean definitions from class path resource [bean.xml]
2017-12-13 21:58:05  [ main:205 ] - [ INFO ]  Loading properties file from class path resource [jdbc.properties]
2017-12-13 21:58:05  [ main:226 ] - [ INFO ]  Pre-instantiating singletons in org.springframework.beans.factory.support.DefaultListableBeanFactory@578486a3: defining beans [org.springframework.context.support.PropertySourcesPlaceholderConfigurer#0,dataSource,sqlSessionFactory,userDao]; root of factory hierarchy
2017-12-13 21:58:05  [ main:239 ] - [ INFO ]  MLog clients using log4j logging.
2017-12-13 21:58:05  [ main:461 ] - [ INFO ]  Initializing c3p0-0.9.1.2 [built 21-May-2007 15:04:56; debug? true; trace: 10]
2017-12-13 21:59:00  [ main:10 ] - [ INFO ]  Refreshing org.springframework.context.support.ClassPathXmlApplicationContext@5f150435: startup date [Wed Dec 13 21:59:00 CST 2017]; root of context hierarchy
2017-12-13 21:59:00  [ main:51 ] - [ INFO ]  Loading XML bean definitions from class path resource [bean.xml]
2017-12-13 21:59:00  [ main:200 ] - [ INFO ]  Loading properties file from class path resource [jdbc.properties]
2017-12-13 21:59:00  [ main:218 ] - [ INFO ]  Pre-instantiating singletons in org.springframework.beans.factory.support.DefaultListableBeanFactory@578486a3: defining beans [org.springframework.context.support.PropertySourcesPlaceholderConfigurer#0,dataSource,sqlSessionFactory,userDao]; root of factory hierarchy
2017-12-13 21:59:00  [ main:233 ] - [ INFO ]  MLog clients using log4j logging.
2017-12-13 21:59:01  [ main:516 ] - [ INFO ]  Initializing c3p0-0.9.1.2 [built 21-May-2007 15:04:56; debug? true; trace: 10]
2017-12-13 21:59:01  [ main:750 ] - [ INFO ]  Initializing c3p0 pool... com.mchange.v2.c3p0.ComboPooledDataSource [ acquireIncrement -> 3, acquireRetryAttempts -> 30, acquireRetryDelay -> 1000, autoCommitOnClose -> false, automaticTestTable -> null, breakAfterAcquireFailure -> false, checkoutTimeout -> 0, connectionCustomizerClassName -> null, connectionTesterClassName -> com.mchange.v2.c3p0.impl.DefaultConnectionTester, dataSourceName -> 1hgf4zl9sm8t5doqlhy69|1cab0bfb, debugUnreturnedConnectionStackTraces -> false, description -> null, driverClass -> com.mysql.jdbc.Driver, factoryClassLocation -> null, forceIgnoreUnresolvedTransactions -> false, identityToken -> 1hgf4zl9sm8t5doqlhy69|1cab0bfb, idleConnectionTestPeriod -> 0, initialPoolSize -> 3, jdbcUrl -> jdbc:mysql://localhost:3306/mybatis?characterEncoding=UTF-8, maxAdministrativeTaskTime -> 0, maxConnectionAge -> 0, maxIdleTime -> 0, maxIdleTimeExcessConnections -> 0, maxPoolSize -> 15, maxStatements -> 0, maxStatementsPerConnection -> 0, minPoolSize -> 3, numHelperThreads -> 3, numThreadsAwaitingCheckoutDefaultUser -> 0, preferredTestQuery -> null, properties -> {user=******, password=******}, propertyCycle -> 0, testConnectionOnCheckin -> false, testConnectionOnCheckout -> false, unreturnedConnectionTimeout -> 0, usesTraditionalReflectiveProxies -> false ]
2017-12-13 22:00:23  [ main:12 ] - [ INFO ]  Refreshing org.springframework.context.support.ClassPathXmlApplicationContext@5f150435: startup date [Wed Dec 13 22:00:23 CST 2017]; root of context hierarchy
2017-12-13 22:00:23  [ main:52 ] - [ INFO ]  Loading XML bean definitions from class path resource [bean.xml]
2017-12-13 22:00:23  [ main:216 ] - [ INFO ]  Loading properties file from class path resource [jdbc.properties]
2017-12-13 22:00:23  [ main:234 ] - [ INFO ]  Pre-instantiating singletons in org.springframework.beans.factory.support.DefaultListableBeanFactory@578486a3: defining beans [org.springframework.context.support.PropertySourcesPlaceholderConfigurer#0,dataSource,sqlSessionFactory,userDao]; root of factory hierarchy
2017-12-13 22:00:23  [ main:245 ] - [ INFO ]  MLog clients using log4j logging.
2017-12-13 22:00:23  [ main:460 ] - [ INFO ]  Initializing c3p0-0.9.1.2 [built 21-May-2007 15:04:56; debug? true; trace: 10]
2017-12-13 22:00:24  [ main:711 ] - [ INFO ]  Initializing c3p0 pool... com.mchange.v2.c3p0.ComboPooledDataSource [ acquireIncrement -> 3, acquireRetryAttempts -> 30, acquireRetryDelay -> 1000, autoCommitOnClose -> false, automaticTestTable -> null, breakAfterAcquireFailure -> false, checkoutTimeout -> 0, connectionCustomizerClassName -> null, connectionTesterClassName -> com.mchange.v2.c3p0.impl.DefaultConnectionTester, dataSourceName -> 1hgf4zl9sm8ux6g1laeyxw|1cab0bfb, debugUnreturnedConnectionStackTraces -> false, description -> null, driverClass -> com.mysql.jdbc.Driver, factoryClassLocation -> null, forceIgnoreUnresolvedTransactions -> false, identityToken -> 1hgf4zl9sm8ux6g1laeyxw|1cab0bfb, idleConnectionTestPeriod -> 0, initialPoolSize -> 3, jdbcUrl -> jdbc:mysql://localhost:3306/mybatis?characterEncoding=UTF-8, maxAdministrativeTaskTime -> 0, maxConnectionAge -> 0, maxIdleTime -> 0, maxIdleTimeExcessConnections -> 0, maxPoolSize -> 15, maxStatements -> 0, maxStatementsPerConnection -> 0, minPoolSize -> 3, numHelperThreads -> 3, numThreadsAwaitingCheckoutDefaultUser -> 0, preferredTestQuery -> null, properties -> {user=******, password=******}, propertyCycle -> 0, testConnectionOnCheckin -> false, testConnectionOnCheckout -> false, unreturnedConnectionTimeout -> 0, usesTraditionalReflectiveProxies -> false ]
2017-12-13 22:27:08  [ main:15 ] - [ INFO ]  Refreshing org.springframework.context.support.ClassPathXmlApplicationContext@5f150435: startup date [Wed Dec 13 22:27:08 CST 2017]; root of context hierarchy
2017-12-13 22:27:08  [ main:91 ] - [ INFO ]  Loading XML bean definitions from class path resource [bean.xml]
2017-12-13 22:27:09  [ main:598 ] - [ INFO ]  Loading properties file from class path resource [jdbc.properties]
2017-12-13 22:27:09  [ main:666 ] - [ INFO ]  Pre-instantiating singletons in org.springframework.beans.factory.support.DefaultListableBeanFactory@578486a3: defining beans [org.springframework.context.support.PropertySourcesPlaceholderConfigurer#0,dataSource,sqlSessionFactory,userDao]; root of factory hierarchy
2017-12-13 22:27:09  [ main:699 ] - [ INFO ]  MLog clients using log4j logging.
2017-12-13 22:27:09  [ main:1025 ] - [ INFO ]  Initializing c3p0-0.9.1.2 [built 21-May-2007 15:04:56; debug? true; trace: 10]
2017-12-13 22:27:10  [ main:1403 ] - [ INFO ]  Initializing c3p0 pool... com.mchange.v2.c3p0.ComboPooledDataSource [ acquireIncrement -> 3, acquireRetryAttempts -> 30, acquireRetryDelay -> 1000, autoCommitOnClose -> false, automaticTestTable -> null, breakAfterAcquireFailure -> false, checkoutTimeout -> 0, connectionCustomizerClassName -> null, connectionTesterClassName -> com.mchange.v2.c3p0.impl.DefaultConnectionTester, dataSourceName -> 1hgf4zl9sm9tcao17n1ks7|1cab0bfb, debugUnreturnedConnectionStackTraces -> false, description -> null, driverClass -> com.mysql.jdbc.Driver, factoryClassLocation -> null, forceIgnoreUnresolvedTransactions -> false, identityToken -> 1hgf4zl9sm9tcao17n1ks7|1cab0bfb, idleConnectionTestPeriod -> 0, initialPoolSize -> 3, jdbcUrl -> jdbc:mysql://localhost:3306/mybatis?characterEncoding=UTF-8, maxAdministrativeTaskTime -> 0, maxConnectionAge -> 0, maxIdleTime -> 0, maxIdleTimeExcessConnections -> 0, maxPoolSize -> 15, maxStatements -> 0, maxStatementsPerConnection -> 0, minPoolSize -> 3, numHelperThreads -> 3, numThreadsAwaitingCheckoutDefaultUser -> 0, preferredTestQuery -> null, properties -> {user=******, password=******}, propertyCycle -> 0, testConnectionOnCheckin -> false, testConnectionOnCheckout -> false, unreturnedConnectionTimeout -> 0, usesTraditionalReflectiveProxies -> false ]
2017-12-13 22:58:33  [ main:13 ] - [ INFO ]  Refreshing org.springframework.context.support.ClassPathXmlApplicationContext@5f150435: startup date [Wed Dec 13 22:58:33 CST 2017]; root of context hierarchy
2017-12-13 22:58:33  [ main:87 ] - [ INFO ]  Loading XML bean definitions from class path resource [bean.xml]
2017-12-13 22:58:34  [ main:341 ] - [ INFO ]  Loading properties file from class path resource [jdbc.properties]
2017-12-13 22:58:34  [ main:365 ] - [ INFO ]  Pre-instantiating singletons in org.springframework.beans.factory.support.DefaultListableBeanFactory@578486a3: defining beans [org.springframework.context.support.PropertySourcesPlaceholderConfigurer#0,dataSource,sqlSessionFactory,userDao]; root of factory hierarchy
2017-12-13 22:58:34  [ main:384 ] - [ INFO ]  MLog clients using log4j logging.
2017-12-13 22:58:34  [ main:701 ] - [ INFO ]  Initializing c3p0-0.9.1.2 [built 21-May-2007 15:04:56; debug? true; trace: 10]
2017-12-13 22:58:34  [ main:1061 ] - [ INFO ]  Initializing c3p0 pool... com.mchange.v2.c3p0.ComboPooledDataSource [ acquireIncrement -> 3, acquireRetryAttempts -> 30, acquireRetryDelay -> 1000, autoCommitOnClose -> false, automaticTestTable -> null, breakAfterAcquireFailure -> false, checkoutTimeout -> 0, connectionCustomizerClassName -> null, connectionTesterClassName -> com.mchange.v2.c3p0.impl.DefaultConnectionTester, dataSourceName -> 1hgf4zl9smaxqgii1sugs|1cab0bfb, debugUnreturnedConnectionStackTraces -> false, description -> null, driverClass -> com.mysql.jdbc.Driver, factoryClassLocation -> null, forceIgnoreUnresolvedTransactions -> false, identityToken -> 1hgf4zl9smaxqgii1sugs|1cab0bfb, idleConnectionTestPeriod -> 0, initialPoolSize -> 3, jdbcUrl -> jdbc:mysql://localhost:3306/mybatis?characterEncoding=UTF-8, maxAdministrativeTaskTime -> 0, maxConnectionAge -> 0, maxIdleTime -> 0, maxIdleTimeExcessConnections -> 0, maxPoolSize -> 15, maxStatements -> 0, maxStatementsPerConnection -> 0, minPoolSize -> 3, numHelperThreads -> 3, numThreadsAwaitingCheckoutDefaultUser -> 0, preferredTestQuery -> null, properties -> {user=******, password=******}, propertyCycle -> 0, testConnectionOnCheckin -> false, testConnectionOnCheckout -> false, unreturnedConnectionTimeout -> 0, usesTraditionalReflectiveProxies -> false ]
2017-12-13 23:01:51  [ main:9 ] - [ INFO ]  Refreshing org.springframework.context.support.ClassPathXmlApplicationContext@5f150435: startup date [Wed Dec 13 23:01:51 CST 2017]; root of context hierarchy
2017-12-13 23:01:51  [ main:51 ] - [ INFO ]  Loading XML bean definitions from class path resource [bean.xml]
2017-12-13 23:01:51  [ main:227 ] - [ INFO ]  Loading properties file from class path resource [jdbc.properties]
2017-12-13 23:01:51  [ main:245 ] - [ INFO ]  Pre-instantiating singletons in org.springframework.beans.factory.support.DefaultListableBeanFactory@578486a3: defining beans [org.springframework.context.support.PropertySourcesPlaceholderConfigurer#0,dataSource,sqlSessionFactory,userMapper]; root of factory hierarchy
2017-12-13 23:01:51  [ main:256 ] - [ INFO ]  MLog clients using log4j logging.
2017-12-13 23:01:52  [ main:457 ] - [ INFO ]  Initializing c3p0-0.9.1.2 [built 21-May-2007 15:04:56; debug? true; trace: 10]
2017-12-13 23:01:52  [ main:708 ] - [ INFO ]  Initializing c3p0 pool... com.mchange.v2.c3p0.ComboPooledDataSource [ acquireIncrement -> 3, acquireRetryAttempts -> 30, acquireRetryDelay -> 1000, autoCommitOnClose -> false, automaticTestTable -> null, breakAfterAcquireFailure -> false, checkoutTimeout -> 0, connectionCustomizerClassName -> null, connectionTesterClassName -> com.mchange.v2.c3p0.impl.DefaultConnectionTester, dataSourceName -> 1hgf4zl9smb1z0s1x8zopf|50de0926, debugUnreturnedConnectionStackTraces -> false, description -> null, driverClass -> com.mysql.jdbc.Driver, factoryClassLocation -> null, forceIgnoreUnresolvedTransactions -> false, identityToken -> 1hgf4zl9smb1z0s1x8zopf|50de0926, idleConnectionTestPeriod -> 0, initialPoolSize -> 3, jdbcUrl -> jdbc:mysql://localhost:3306/mybatis?characterEncoding=UTF-8, maxAdministrativeTaskTime -> 0, maxConnectionAge -> 0, maxIdleTime -> 0, maxIdleTimeExcessConnections -> 0, maxPoolSize -> 15, maxStatements -> 0, maxStatementsPerConnection -> 0, minPoolSize -> 3, numHelperThreads -> 3, numThreadsAwaitingCheckoutDefaultUser -> 0, preferredTestQuery -> null, properties -> {user=******, password=******}, propertyCycle -> 0, testConnectionOnCheckin -> false, testConnectionOnCheckout -> false, unreturnedConnectionTimeout -> 0, usesTraditionalReflectiveProxies -> false ]
2017-12-13 23:03:44  [ main:11 ] - [ INFO ]  Refreshing org.springframework.context.support.ClassPathXmlApplicationContext@5f150435: startup date [Wed Dec 13 23:03:44 CST 2017]; root of context hierarchy
2017-12-13 23:03:44  [ main:57 ] - [ INFO ]  Loading XML bean definitions from class path resource [bean.xml]
2017-12-13 23:03:44  [ main:251 ] - [ INFO ]  Destroying singletons in org.springframework.beans.factory.support.DefaultListableBeanFactory@35d176f7: defining beans [org.springframework.context.support.PropertySourcesPlaceholderConfigurer#0,dataSource,sqlSessionFactory,org.mybatis.spring.mapper.MapperScannerConfigurer#0]; root of factory hierarchy
2017-12-13 23:04:44  [ main:8 ] - [ INFO ]  Refreshing org.springframework.context.support.ClassPathXmlApplicationContext@5f150435: startup date [Wed Dec 13 23:04:44 CST 2017]; root of context hierarchy
2017-12-13 23:04:44  [ main:55 ] - [ INFO ]  Loading XML bean definitions from class path resource [bean.xml]
2017-12-13 23:04:45  [ main:238 ] - [ INFO ]  Destroying singletons in org.springframework.beans.factory.support.DefaultListableBeanFactory@578486a3: defining beans [org.springframework.context.support.PropertySourcesPlaceholderConfigurer#0,dataSource,sqlSessionFactory,userMapper]; root of factory hierarchy
2017-12-13 23:08:48  [ main:8 ] - [ INFO ]  Refreshing org.springframework.context.support.ClassPathXmlApplicationContext@5f150435: startup date [Wed Dec 13 23:08:48 CST 2017]; root of context hierarchy
2017-12-13 23:08:48  [ main:49 ] - [ INFO ]  Loading XML bean definitions from class path resource [bean.xml]
2017-12-13 23:08:48  [ main:227 ] - [ INFO ]  Destroying singletons in org.springframework.beans.factory.support.DefaultListableBeanFactory@578486a3: defining beans [org.springframework.context.support.PropertySourcesPlaceholderConfigurer#0,dataSource,sqlSessionFactory,userMapper]; root of factory hierarchy
2017-12-13 23:10:01  [ main:11 ] - [ INFO ]  Refreshing org.springframework.context.support.ClassPathXmlApplicationContext@5f150435: startup date [Wed Dec 13 23:10:01 CST 2017]; root of context hierarchy
2017-12-13 23:10:01  [ main:58 ] - [ INFO ]  Loading XML bean definitions from class path resource [bean.xml]
2017-12-13 23:10:04  [ main:3149 ] - [ INFO ]  Destroying singletons in org.springframework.beans.factory.support.DefaultListableBeanFactory@43814d18: defining beans [org.springframework.context.support.PropertySourcesPlaceholderConfigurer#0,dataSource,sqlSessionFactory,userMapper]; root of factory hierarchy
2017-12-13 23:10:21  [ main:9 ] - [ INFO ]  Refreshing org.springframework.context.support.ClassPathXmlApplicationContext@5f150435: startup date [Wed Dec 13 23:10:21 CST 2017]; root of context hierarchy
2017-12-13 23:10:21  [ main:53 ] - [ INFO ]  Loading XML bean definitions from class path resource [bean.xml]
2017-12-13 23:10:24  [ main:2411 ] - [ INFO ]  Destroying singletons in org.springframework.beans.factory.support.DefaultListableBeanFactory@43814d18: defining beans [org.springframework.context.support.PropertySourcesPlaceholderConfigurer#0,dataSource,sqlSessionFactory,userMapper]; root of factory hierarchy
2017-12-13 23:11:41  [ main:13 ] - [ INFO ]  Refreshing org.springframework.context.support.ClassPathXmlApplicationContext@5f150435: startup date [Wed Dec 13 23:11:41 CST 2017]; root of context hierarchy
2017-12-13 23:11:41  [ main:60 ] - [ INFO ]  Loading XML bean definitions from class path resource [bean.xml]
2017-12-13 23:11:43  [ main:2535 ] - [ INFO ]  Destroying singletons in org.springframework.beans.factory.support.DefaultListableBeanFactory@43814d18: defining beans [org.springframework.context.support.PropertySourcesPlaceholderConfigurer#0,dataSource,sqlSessionFactory,userMapper]; root of factory hierarchy
